Determining if the pthread_create exist failed with the following output:
Change Dir: /workspace/py3_ws/build/catkin_tools_prebuild/CMakeFiles/CMakeTmp

Run Build Command:"/usr/bin/make" "cmTC_fd3dc/fast"
/usr/bin/make -f CMakeFiles/cmTC_fd3dc.dir/build.make CMakeFiles/cmTC_fd3dc.dir/build
make[1]: Entering directory '/workspace/py3_ws/build/catkin_tools_prebuild/CMakeFiles/CMakeTmp'
Building C object CMakeFiles/cmTC_fd3dc.dir/CheckSymbolExists.c.o
/usr/bin/cc    -o CMakeFiles/cmTC_fd3dc.dir/CheckSymbolExists.c.o   -c /workspace/py3_ws/build/catkin_tools_prebuild/CMakeFiles/CMakeTmp/CheckSymbolExists.c
Linking C executable cmTC_fd3dc
/usr/bin/cmake -E cmake_link_script CMakeFiles/cmTC_fd3dc.dir/link.txt --verbose=1
/usr/bin/cc      -rdynamic CMakeFiles/cmTC_fd3dc.dir/CheckSymbolExists.c.o  -o cmTC_fd3dc 
CMakeFiles/cmTC_fd3dc.dir/CheckSymbolExists.c.o: In function `main':
CheckSymbolExists.c:(.text+0x1b): undefined reference to `pthread_create'
collect2: error: ld returned 1 exit status
CMakeFiles/cmTC_fd3dc.dir/build.make:97: recipe for target 'cmTC_fd3dc' failed
make[1]: *** [cmTC_fd3dc] Error 1
make[1]: Leaving directory '/workspace/py3_ws/build/catkin_tools_prebuild/CMakeFiles/CMakeTmp'
Makefile:126: recipe for target 'cmTC_fd3dc/fast' failed
make: *** [cmTC_fd3dc/fast] Error 2

File /workspace/py3_ws/build/catkin_tools_prebuild/CMakeFiles/CMakeTmp/CheckSymbolExists.c:
/* */
#include <pthread.h>

int main(int argc, char** argv)
{
  (void)argv;
#ifndef pthread_create
  return ((int*)(&pthread_create))[argc];
#else
  (void)argc;
  return 0;
#endif
}

Determining if the function pthread_create exists in the pthreads failed with the following output:
Change Dir: /workspace/py3_ws/build/catkin_tools_prebuild/CMakeFiles/CMakeTmp

Run Build Command:"/usr/bin/make" "cmTC_24722/fast"
/usr/bin/make -f CMakeFiles/cmTC_24722.dir/build.make CMakeFiles/cmTC_24722.dir/build
make[1]: Entering directory '/workspace/py3_ws/build/catkin_tools_prebuild/CMakeFiles/CMakeTmp'
Building C object CMakeFiles/cmTC_24722.dir/CheckFunctionExists.c.o
/usr/bin/cc   -DCHECK_FUNCTION_EXISTS=pthread_create   -o CMakeFiles/cmTC_24722.dir/CheckFunctionExists.c.o   -c /usr/share/cmake-3.10/Modules/CheckFunctionExists.c
Linking C executable cmTC_24722
/usr/bin/cmake -E cmake_link_script CMakeFiles/cmTC_24722.dir/link.txt --verbose=1
/usr/bin/cc  -DCHECK_FUNCTION_EXISTS=pthread_create    -rdynamic CMakeFiles/cmTC_24722.dir/CheckFunctionExists.c.o  -o cmTC_24722 -lpthreads 
/usr/bin/ld: cannot find -lpthreads
collect2: error: ld returned 1 exit status
CMakeFiles/cmTC_24722.dir/build.make:97: recipe for target 'cmTC_24722' failed
make[1]: *** [cmTC_24722] Error 1
make[1]: Leaving directory '/workspace/py3_ws/build/catkin_tools_prebuild/CMakeFiles/CMakeTmp'
Makefile:126: recipe for target 'cmTC_24722/fast' failed
make: *** [cmTC_24722/fast] Error 2


