Determining if the pthread_create exist failed with the following output:
Change Dir: /workspace/py3_ws/build/tf2/CMakeFiles/CMakeTmp

Run Build Command:"/usr/bin/make" "cmTC_349fb/fast"
/usr/bin/make -f CMakeFiles/cmTC_349fb.dir/build.make CMakeFiles/cmTC_349fb.dir/build
make[1]: Entering directory '/workspace/py3_ws/build/tf2/CMakeFiles/CMakeTmp'
Building C object CMakeFiles/cmTC_349fb.dir/CheckSymbolExists.c.o
/usr/bin/cc    -o CMakeFiles/cmTC_349fb.dir/CheckSymbolExists.c.o   -c /workspace/py3_ws/build/tf2/CMakeFiles/CMakeTmp/CheckSymbolExists.c
Linking C executable cmTC_349fb
/usr/bin/cmake -E cmake_link_script CMakeFiles/cmTC_349fb.dir/link.txt --verbose=1
/usr/bin/cc      -rdynamic CMakeFiles/cmTC_349fb.dir/CheckSymbolExists.c.o  -o cmTC_349fb 
CMakeFiles/cmTC_349fb.dir/CheckSymbolExists.c.o: In function `main':
CheckSymbolExists.c:(.text+0x1b): undefined reference to `pthread_create'
collect2: error: ld returned 1 exit status
CMakeFiles/cmTC_349fb.dir/build.make:97: recipe for target 'cmTC_349fb' failed
make[1]: *** [cmTC_349fb] Error 1
make[1]: Leaving directory '/workspace/py3_ws/build/tf2/CMakeFiles/CMakeTmp'
Makefile:126: recipe for target 'cmTC_349fb/fast' failed
make: *** [cmTC_349fb/fast] Error 2

File /workspace/py3_ws/build/tf2/CMakeFiles/CMakeTmp/CheckSymbolExists.c:
/* */
#include <pthread.h>

int main(int argc, char** argv)
{
  (void)argv;
#ifndef pthread_create
  return ((int*)(&pthread_create))[argc];
#else
  (void)argc;
  return 0;
#endif
}

Determining if the function pthread_create exists in the pthreads failed with the following output:
Change Dir: /workspace/py3_ws/build/tf2/CMakeFiles/CMakeTmp

Run Build Command:"/usr/bin/make" "cmTC_41cab/fast"
/usr/bin/make -f CMakeFiles/cmTC_41cab.dir/build.make CMakeFiles/cmTC_41cab.dir/build
make[1]: Entering directory '/workspace/py3_ws/build/tf2/CMakeFiles/CMakeTmp'
Building C object CMakeFiles/cmTC_41cab.dir/CheckFunctionExists.c.o
/usr/bin/cc   -DCHECK_FUNCTION_EXISTS=pthread_create   -o CMakeFiles/cmTC_41cab.dir/CheckFunctionExists.c.o   -c /usr/share/cmake-3.10/Modules/CheckFunctionExists.c
Linking C executable cmTC_41cab
/usr/bin/cmake -E cmake_link_script CMakeFiles/cmTC_41cab.dir/link.txt --verbose=1
/usr/bin/cc  -DCHECK_FUNCTION_EXISTS=pthread_create    -rdynamic CMakeFiles/cmTC_41cab.dir/CheckFunctionExists.c.o  -o cmTC_41cab -lpthreads 
/usr/bin/ld: cannot find -lpthreads
collect2: error: ld returned 1 exit status
CMakeFiles/cmTC_41cab.dir/build.make:97: recipe for target 'cmTC_41cab' failed
make[1]: *** [cmTC_41cab] Error 1
make[1]: Leaving directory '/workspace/py3_ws/build/tf2/CMakeFiles/CMakeTmp'
Makefile:126: recipe for target 'cmTC_41cab/fast' failed
make: *** [cmTC_41cab/fast] Error 2


