Determining if the pthread_create exist failed with the following output:
Change Dir: /workspace/py2_ws/build/wrs_controller/CMakeFiles/CMakeTmp

Run Build Command:"/usr/bin/make" "cmTC_29754/fast"
/usr/bin/make -f CMakeFiles/cmTC_29754.dir/build.make CMakeFiles/cmTC_29754.dir/build
make[1]: Entering directory '/workspace/py2_ws/build/wrs_controller/CMakeFiles/CMakeTmp'
Building C object CMakeFiles/cmTC_29754.dir/CheckSymbolExists.c.o
/usr/bin/cc    -o CMakeFiles/cmTC_29754.dir/CheckSymbolExists.c.o   -c /workspace/py2_ws/build/wrs_controller/CMakeFiles/CMakeTmp/CheckSymbolExists.c
Linking C executable cmTC_29754
/usr/bin/cmake -E cmake_link_script CMakeFiles/cmTC_29754.dir/link.txt --verbose=1
/usr/bin/cc      -rdynamic CMakeFiles/cmTC_29754.dir/CheckSymbolExists.c.o  -o cmTC_29754 
CMakeFiles/cmTC_29754.dir/CheckSymbolExists.c.o: In function `main':
CheckSymbolExists.c:(.text+0x1b): undefined reference to `pthread_create'
collect2: error: ld returned 1 exit status
CMakeFiles/cmTC_29754.dir/build.make:97: recipe for target 'cmTC_29754' failed
make[1]: *** [cmTC_29754] Error 1
make[1]: Leaving directory '/workspace/py2_ws/build/wrs_controller/CMakeFiles/CMakeTmp'
Makefile:126: recipe for target 'cmTC_29754/fast' failed
make: *** [cmTC_29754/fast] Error 2

File /workspace/py2_ws/build/wrs_controller/CMakeFiles/CMakeTmp/CheckSymbolExists.c:
/* */
#include <pthread.h>

int main(int argc, char** argv)
{
  (void)argv;
#ifndef pthread_create
  return ((int*)(&pthread_create))[argc];
#else
  (void)argc;
  return 0;
#endif
}

Determining if the function pthread_create exists in the pthreads failed with the following output:
Change Dir: /workspace/py2_ws/build/wrs_controller/CMakeFiles/CMakeTmp

Run Build Command:"/usr/bin/make" "cmTC_5f121/fast"
/usr/bin/make -f CMakeFiles/cmTC_5f121.dir/build.make CMakeFiles/cmTC_5f121.dir/build
make[1]: Entering directory '/workspace/py2_ws/build/wrs_controller/CMakeFiles/CMakeTmp'
Building C object CMakeFiles/cmTC_5f121.dir/CheckFunctionExists.c.o
/usr/bin/cc   -DCHECK_FUNCTION_EXISTS=pthread_create   -o CMakeFiles/cmTC_5f121.dir/CheckFunctionExists.c.o   -c /usr/share/cmake-3.10/Modules/CheckFunctionExists.c
Linking C executable cmTC_5f121
/usr/bin/cmake -E cmake_link_script CMakeFiles/cmTC_5f121.dir/link.txt --verbose=1
/usr/bin/cc  -DCHECK_FUNCTION_EXISTS=pthread_create    -rdynamic CMakeFiles/cmTC_5f121.dir/CheckFunctionExists.c.o  -o cmTC_5f121 -lpthreads 
/usr/bin/ld: cannot find -lpthreads
collect2: error: ld returned 1 exit status
CMakeFiles/cmTC_5f121.dir/build.make:97: recipe for target 'cmTC_5f121' failed
make[1]: *** [cmTC_5f121] Error 1
make[1]: Leaving directory '/workspace/py2_ws/build/wrs_controller/CMakeFiles/CMakeTmp'
Makefile:126: recipe for target 'cmTC_5f121/fast' failed
make: *** [cmTC_5f121/fast] Error 2


