Symlinking /workspace/py2_ws/devel/share/gennodejs/ros/detector_msgs/_index.js
Symlinking /workspace/py2_ws/devel/share/gennodejs/ros/detector_msgs/msg/BBoxArray.js
Symlinking /workspace/py2_ws/devel/share/gennodejs/ros/detector_msgs/msg/_index.js
Symlinking /workspace/py2_ws/devel/share/gennodejs/ros/detector_msgs/msg/BBox.js
Symlinking /workspace/py2_ws/devel/share/gennodejs/ros/detector_msgs/srv/SetTransformFromBBox.js
Symlinking /workspace/py2_ws/devel/share/gennodejs/ros/detector_msgs/srv/AddTransformToManager.js
Symlinking /workspace/py2_ws/devel/share/gennodejs/ros/detector_msgs/srv/GetObjectDetection.js
Symlinking /workspace/py2_ws/devel/share/gennodejs/ros/detector_msgs/srv/_index.js
Symlinking /workspace/py2_ws/devel/share/common-lisp/ros/detector_msgs/msg/_package_BBoxArray.lisp
Symlinking /workspace/py2_ws/devel/share/common-lisp/ros/detector_msgs/msg/BBoxArray.lisp
Symlinking /workspace/py2_ws/devel/share/common-lisp/ros/detector_msgs/msg/_package.lisp
Symlinking /workspace/py2_ws/devel/share/common-lisp/ros/detector_msgs/msg/detector_msgs-msg.asd
Symlinking /workspace/py2_ws/devel/share/common-lisp/ros/detector_msgs/msg/_package_BBox.lisp
Symlinking /workspace/py2_ws/devel/share/common-lisp/ros/detector_msgs/msg/BBox.lisp
Symlinking /workspace/py2_ws/devel/share/common-lisp/ros/detector_msgs/srv/detector_msgs-srv.asd
Symlinking /workspace/py2_ws/devel/share/common-lisp/ros/detector_msgs/srv/GetObjectDetection.lisp
Symlinking /workspace/py2_ws/devel/share/common-lisp/ros/detector_msgs/srv/_package_AddTransformToManager.lisp
Symlinking /workspace/py2_ws/devel/share/common-lisp/ros/detector_msgs/srv/AddTransformToManager.lisp
Symlinking /workspace/py2_ws/devel/share/common-lisp/ros/detector_msgs/srv/_package.lisp
Symlinking /workspace/py2_ws/devel/share/common-lisp/ros/detector_msgs/srv/SetTransformFromBBox.lisp
Symlinking /workspace/py2_ws/devel/share/common-lisp/ros/detector_msgs/srv/_package_SetTransformFromBBox.lisp
Symlinking /workspace/py2_ws/devel/share/common-lisp/ros/detector_msgs/srv/_package_GetObjectDetection.lisp
Symlinking /workspace/py2_ws/devel/share/detector_msgs/cmake/detector_msgs-msg-extras.cmake
Symlinking /workspace/py2_ws/devel/share/detector_msgs/cmake/detector_msgs-msg-paths.cmake
Symlinking /workspace/py2_ws/devel/share/detector_msgs/cmake/detector_msgsConfig.cmake
Symlinking /workspace/py2_ws/devel/share/detector_msgs/cmake/detector_msgsConfig-version.cmake
Symlinking /workspace/py2_ws/devel/share/roseus/ros/detector_msgs/manifest.l
Symlinking /workspace/py2_ws/devel/share/roseus/ros/detector_msgs/msg/BBoxArray.l
Symlinking /workspace/py2_ws/devel/share/roseus/ros/detector_msgs/msg/BBox.l
Symlinking /workspace/py2_ws/devel/share/roseus/ros/detector_msgs/srv/AddTransformToManager.l
Symlinking /workspace/py2_ws/devel/share/roseus/ros/detector_msgs/srv/SetTransformFromBBox.l
Symlinking /workspace/py2_ws/devel/share/roseus/ros/detector_msgs/srv/GetObjectDetection.l
Symlinking /workspace/py2_ws/devel/lib/pkgconfig/detector_msgs.pc
Symlinking /workspace/py2_ws/devel/lib/python2.7/dist-packages/detector_msgs/__init__.py
Symlinking /workspace/py2_ws/devel/lib/python2.7/dist-packages/detector_msgs/msg/_BBoxArray.py
Symlinking /workspace/py2_ws/devel/lib/python2.7/dist-packages/detector_msgs/msg/_BBox.py
Symlinking /workspace/py2_ws/devel/lib/python2.7/dist-packages/detector_msgs/msg/__init__.py
Symlinking /workspace/py2_ws/devel/lib/python2.7/dist-packages/detector_msgs/srv/_GetObjectDetection.py
Symlinking /workspace/py2_ws/devel/lib/python2.7/dist-packages/detector_msgs/srv/_SetTransformFromBBox.py
Symlinking /workspace/py2_ws/devel/lib/python2.7/dist-packages/detector_msgs/srv/_AddTransformToManager.py
Symlinking /workspace/py2_ws/devel/lib/python2.7/dist-packages/detector_msgs/srv/__init__.py
Symlinking /workspace/py2_ws/devel/include/detector_msgs/SetTransformFromBBoxRequest.h
Symlinking /workspace/py2_ws/devel/include/detector_msgs/GetObjectDetectionResponse.h
Symlinking /workspace/py2_ws/devel/include/detector_msgs/BBoxArray.h
Symlinking /workspace/py2_ws/devel/include/detector_msgs/AddTransformToManagerRequest.h
Symlinking /workspace/py2_ws/devel/include/detector_msgs/GetObjectDetectionRequest.h
Symlinking /workspace/py2_ws/devel/include/detector_msgs/SetTransformFromBBoxResponse.h
Symlinking /workspace/py2_ws/devel/include/detector_msgs/AddTransformToManagerResponse.h
Symlinking /workspace/py2_ws/devel/include/detector_msgs/SetTransformFromBBox.h
Symlinking /workspace/py2_ws/devel/include/detector_msgs/AddTransformToManager.h
Symlinking /workspace/py2_ws/devel/include/detector_msgs/GetObjectDetection.h
Symlinking /workspace/py2_ws/devel/include/detector_msgs/BBox.h
